# JRE version: Java(TM) SE Runtime Environment (11.0.4+10) (build 11.0.4+10-LTS)
# Java VM: Java HotSpot(TM) 64-Bit Server VM (11.0.4+10-LTS, mixed mode, tiered, compressed oops, g1 gc, bsd-amd64)
Heap:
 garbage-first heap   total 285696K, used 282628K [0x00000007e0000000, 0x0000000800000000)
  region size 1024K, 14 young (14336K), 2 survivors (2048K)
 Metaspace       used 105759K, capacity 110280K, committed 110464K, reserved 1146880K
  class space    used 11967K, capacity 13622K, committed 13696K, reserved 1048576K
GC Heap History (10 events):
Event: 174.235 GC heap after
{Heap after GC invocations=362 (full 0):
 garbage-first heap   total 284672K, used 267806K [0x00000007e0000000, 0x0000000800000000)
  region size 1024K, 2 young (2048K), 2 survivors (2048K)
 Metaspace       used 105759K, capacity 110280K, committed 110464K, reserved 1146880K
  class space    used 11967K, capacity 13622K, committed 13696K, reserved 1048576K
}
Event: 174.261 GC heap before
{Heap before GC invocations=362 (full 0):
 garbage-first heap   total 284672K, used 279070K [0x00000007e0000000, 0x0000000800000000)
  region size 1024K, 13 young (13312K), 2 survivors (2048K)
 Metaspace       used 105759K, capacity 110280K, committed 110464K, reserved 1146880K
  class space    used 11967K, capacity 13622K, committed 13696K, reserved 1048576K
}
Event: 174.264 GC heap after
{Heap after GC invocations=363 (full 0):
 garbage-first heap   total 284672K, used 268111K [0x00000007e0000000, 0x0000000800000000)
  region size 1024K, 1 young (1024K), 1 survivors (1024K)
 Metaspace       used 105759K, capacity 110280K, committed 110464K, reserved 1146880K
  class space    used 11967K, capacity 13622K, committed 13696K, reserved 1048576K
}
Event: 174.287 GC heap before
{Heap before GC invocations=363 (full 0):
 garbage-first heap   total 284672K, used 280399K [0x00000007e0000000, 0x0000000800000000)
  region size 1024K, 13 young (13312K), 1 survivors (1024K)
 Metaspace       used 105759K, capacity 110280K, committed 110464K, reserved 1146880K
  class space    used 11967K, capacity 13622K, committed 13696K, reserved 1048576K
}
Event: 174.289 GC heap after
{Heap after GC invocations=364 (full 0):
 garbage-first heap   total 284672K, used 268260K [0x00000007e0000000, 0x0000000800000000)
  region size 1024K, 2 young (2048K), 2 survivors (2048K)
 Metaspace       used 105759K, capacity 110280K, committed 110464K, reserved 1146880K
  class space    used 11967K, capacity 13622K, committed 13696K, reserved 1048576K
}
Event: 174.322 GC heap before
{Heap before GC invocations=364 (full 0):
 garbage-first heap   total 284672K, used 279524K [0x00000007e0000000, 0x0000000800000000)
  region size 1024K, 13 young (13312K), 2 survivors (2048K)
 Metaspace       used 105759K, capacity 110280K, committed 110464K, reserved 1146880K
  class space    used 11967K, capacity 13622K, committed 13696K, reserved 1048576K
}
Event: 174.325 GC heap after
{Heap after GC invocations=365 (full 0):
 garbage-first heap   total 284672K, used 269688K [0x00000007e0000000, 0x0000000800000000)
  region size 1024K, 2 young (2048K), 2 survivors (2048K)
 Metaspace       used 105759K, capacity 110280K, committed 110464K, reserved 1146880K
  class space    used 11967K, capacity 13622K, committed 13696K, reserved 1048576K
}
Event: 174.384 GC heap before
{Heap before GC invocations=365 (full 0):
 garbage-first heap   total 284672K, used 280952K [0x00000007e0000000, 0x0000000800000000)
  region size 1024K, 13 young (13312K), 2 survivors (2048K)
 Metaspace       used 105759K, capacity 110280K, committed 110464K, reserved 1146880K
  class space    used 11967K, capacity 13622K, committed 13696K, reserved 1048576K
}
Event: 174.388 GC heap after
{Heap after GC invocations=366 (full 0):
 garbage-first heap   total 284672K, used 270340K [0x00000007e0000000, 0x0000000800000000)
  region size 1024K, 1 young (1024K), 1 survivors (1024K)
 Metaspace       used 105759K, capacity 110280K, committed 110464K, reserved 1146880K
  class space    used 11967K, capacity 13622K, committed 13696K, reserved 1048576K
}
Event: 174.444 GC heap before
{Heap before GC invocations=366 (full 0):
 garbage-first heap   total 284672K, used 282628K [0x00000007e0000000, 0x0000000800000000)
  region size 1024K, 13 young (13312K), 1 survivors (1024K)
 Metaspace       used 105759K, capacity 110280K, committed 110464K, reserved 1146880K
  class space    used 11967K, capacity 13622K, committed 13696K, reserved 1048576K
}

